<?xml version="1.0" encoding="UTF-8"?>
<!-- Generated by org.testng.reporters.JUnitXMLReporter -->
<testsuite hostname="LAPTOP-4N3NS9MH" ignored="0" name="C:/ClipBoard/src/test/java/ApplicationTests/E2ETest.java" tests="1" failures="1" timestamp="2022-05-28T12:22:53 IST" time="20.185" errors="0">
  <testcase name="verifyTextAboutThisItem" time="19.376" classname="ApplicationTests.E2ETest">
    <failure type="org.openqa.selenium.SessionNotCreatedException" message="session not created
from disconnected: received Inspector.detached event
  (Session info: chrome=102.0.5005.63)
Build info: version: &amp;apos;3.141.59&amp;apos;, revision: &amp;apos;e82be7d358&amp;apos;, time: &amp;apos;2018-11-14T08:17:03&amp;apos;
System info: host: &amp;apos;LAPTOP-4N3NS9MH&amp;apos;, ip: &amp;apos;192.168.1.7&amp;apos;, os.name: &amp;apos;Windows 10&amp;apos;, os.arch: &amp;apos;amd64&amp;apos;, os.version: &amp;apos;10.0&amp;apos;, java.version: &amp;apos;1.8.0_191&amp;apos;
Driver info: driver.version: ChromeDriver
remote stacktrace: Backtrace:
	Ordinal0 [0x0105D953+2414931]
	Ordinal0 [0x00FEF5E1+1963489]
	Ordinal0 [0x00EDC6B8+837304]
	Ordinal0 [0x00ECE45E+779358]
	Ordinal0 [0x00ECE04F+778319]
	Ordinal0 [0x00ECD646+775750]
	Ordinal0 [0x00ECC565+771429]
	Ordinal0 [0x00ECCA3D+772669]
	Ordinal0 [0x00ECC185+770437]
	Ordinal0 [0x00ED8253+819795]
	Ordinal0 [0x00ECC135+770357]
	Ordinal0 [0x00ECD228+774696]
	Ordinal0 [0x00ECC565+771429]
	Ordinal0 [0x00ECCA3D+772669]
	Ordinal0 [0x00ECC185+770437]
	Ordinal0 [0x00ED5F18+810776]
	Ordinal0 [0x00ECC135+770357]
	Ordinal0 [0x00ECD228+774696]
	Ordinal0 [0x00ECC565+771429]
	Ordinal0 [0x00ECCA3D+772669]
	Ordinal0 [0x00ECC185+770437]
	Ordinal0 [0x00ED3CA2+801954]
	Ordinal0 [0x00ECC135+770357]
	Ordinal0 [0x00ECD228+774696]
	Ordinal0 [0x00ECC565+771429]
	Ordinal0 [0x00ECCB68+772968]
	Ordinal0 [0x00ECCAF8+772856]
	Ordinal0 [0x00ED27F6+796662]
	Ordinal0 [0x00ED2730+796464]
	Ordinal0 [0x00ECC135+770357]
	Ordinal0 [0x00ECD228+774696]
	Ordinal0 [0x00ECC565+771429]
	Ordinal0 [0x00ECCA3D+772669]
	Ordinal0 [0x00ECC185+770437]
	Ordinal0 [0x00EC7ACD+752333]
	Ordinal0 [0x00ECC135+770357]
	Ordinal0 [0x00ECBEC0+769728]
	Ordinal0 [0x00ECBC09+769033]
	Ordinal0 [0x00EDDA30+842288]
	Ordinal0 [0x00F2A199+1155481]
	Ordinal0 [0x00F28D5A+1150298]
	Ordinal0 [0x00F242B6+1131190]
	Ordinal0 [0x00EFE860+976992]
	Ordinal0 [0x00EFF756+980822]
	GetHandleVerifier [0x012CCC62+2510274]
	GetHandleVerifier [0x012BF760+2455744]
	GetHandleVerifier [0x010EEABA+551962]
	GetHandleVerifier [0x010ED916+547446]
	Ordinal0 [0x00FF5F3B+1990459]
	Ordinal0 [0x00FFA898+2009240]
	Ordinal0 [0x00FFA985+2009477]
	Ordinal0 [0x01003AD1+2046673]
	BaseThreadInitThunk [0x76956739+25]
	RtlGetFullPathName_UEx [0x77B68FEF+1215]
	RtlGetFullPathName_UEx [0x77B68FBD+1165]
">
      <![CDATA[org.openqa.selenium.SessionNotCreatedException: session not created
from disconnected: received Inspector.detached event
  (Session info: chrome=102.0.5005.63)
Build info: version: '3.141.59', revision: 'e82be7d358', time: '2018-11-14T08:17:03'
System info: host: 'LAPTOP-4N3NS9MH', ip: '192.168.1.7', os.name: 'Windows 10', os.arch: 'amd64', os.version: '10.0', java.version: '1.8.0_191'
Driver info: driver.version: ChromeDriver
remote stacktrace: Backtrace:
Ordinal0 [0x0105D953+2414931]
Ordinal0 [0x00FEF5E1+1963489]
Ordinal0 [0x00EDC6B8+837304]
Ordinal0 [0x00ECE45E+779358]
Ordinal0 [0x00ECE04F+778319]
Ordinal0 [0x00ECD646+775750]
Ordinal0 [0x00ECC565+771429]
Ordinal0 [0x00ECCA3D+772669]
Ordinal0 [0x00ECC185+770437]
Ordinal0 [0x00ED8253+819795]
Ordinal0 [0x00ECC135+770357]
Ordinal0 [0x00ECD228+774696]
Ordinal0 [0x00ECC565+771429]
Ordinal0 [0x00ECCA3D+772669]
Ordinal0 [0x00ECC185+770437]
Ordinal0 [0x00ED5F18+810776]
Ordinal0 [0x00ECC135+770357]
Ordinal0 [0x00ECD228+774696]
Ordinal0 [0x00ECC565+771429]
Ordinal0 [0x00ECCA3D+772669]
Ordinal0 [0x00ECC185+770437]
Ordinal0 [0x00ED3CA2+801954]
Ordinal0 [0x00ECC135+770357]
Ordinal0 [0x00ECD228+774696]
Ordinal0 [0x00ECC565+771429]
Ordinal0 [0x00ECCB68+772968]
Ordinal0 [0x00ECCAF8+772856]
Ordinal0 [0x00ED27F6+796662]
Ordinal0 [0x00ED2730+796464]
Ordinal0 [0x00ECC135+770357]
Ordinal0 [0x00ECD228+774696]
Ordinal0 [0x00ECC565+771429]
Ordinal0 [0x00ECCA3D+772669]
Ordinal0 [0x00ECC185+770437]
Ordinal0 [0x00EC7ACD+752333]
Ordinal0 [0x00ECC135+770357]
Ordinal0 [0x00ECBEC0+769728]
Ordinal0 [0x00ECBC09+769033]
Ordinal0 [0x00EDDA30+842288]
Ordinal0 [0x00F2A199+1155481]
Ordinal0 [0x00F28D5A+1150298]
Ordinal0 [0x00F242B6+1131190]
Ordinal0 [0x00EFE860+976992]
Ordinal0 [0x00EFF756+980822]
GetHandleVerifier [0x012CCC62+2510274]
GetHandleVerifier [0x012BF760+2455744]
GetHandleVerifier [0x010EEABA+551962]
GetHandleVerifier [0x010ED916+547446]
Ordinal0 [0x00FF5F3B+1990459]
Ordinal0 [0x00FFA898+2009240]
Ordinal0 [0x00FFA985+2009477]
Ordinal0 [0x01003AD1+2046673]
BaseThreadInitThunk [0x76956739+25]
RtlGetFullPathName_UEx [0x77B68FEF+1215]
RtlGetFullPathName_UEx [0x77B68FBD+1165]

at sun.reflect.NativeConstructorAccessorImpl.newInstance0(Native Method)
at sun.reflect.NativeConstructorAccessorImpl.newInstance(NativeConstructorAccessorImpl.java:62)
at sun.reflect.DelegatingConstructorAccessorImpl.newInstance(DelegatingConstructorAccessorImpl.java:45)
at java.lang.reflect.Constructor.newInstance(Constructor.java:423)
at org.openqa.selenium.remote.W3CHandshakeResponse.lambda$errorHandler$0(W3CHandshakeResponse.java:62)
at org.openqa.selenium.remote.HandshakeResponse.lambda$getResponseFunction$0(HandshakeResponse.java:30)
at org.openqa.selenium.remote.ProtocolHandshake.lambda$createSession$0(ProtocolHandshake.java:126)
at java.util.stream.ReferencePipeline$3$1.accept(ReferencePipeline.java:193)
at java.util.Spliterators$ArraySpliterator.tryAdvance(Spliterators.java:958)
at java.util.stream.ReferencePipeline.forEachWithCancel(ReferencePipeline.java:126)
at java.util.stream.AbstractPipeline.copyIntoWithCancel(AbstractPipeline.java:498)
at java.util.stream.AbstractPipeline.copyInto(AbstractPipeline.java:485)
at java.util.stream.AbstractPipeline.wrapAndCopyInto(AbstractPipeline.java:471)
at java.util.stream.FindOps$FindOp.evaluateSequential(FindOps.java:152)
at java.util.stream.AbstractPipeline.evaluate(AbstractPipeline.java:234)
at java.util.stream.ReferencePipeline.findFirst(ReferencePipeline.java:464)
at org.openqa.selenium.remote.ProtocolHandshake.createSession(ProtocolHandshake.java:128)
at org.openqa.selenium.remote.ProtocolHandshake.createSession(ProtocolHandshake.java:74)
at org.openqa.selenium.remote.HttpCommandExecutor.execute(HttpCommandExecutor.java:136)
at org.openqa.selenium.remote.service.DriverCommandExecutor.execute(DriverCommandExecutor.java:83)
at org.openqa.selenium.remote.RemoteWebDriver.execute(RemoteWebDriver.java:552)
at org.openqa.selenium.remote.RemoteWebDriver.startSession(RemoteWebDriver.java:213)
at org.openqa.selenium.remote.RemoteWebDriver.<init>(RemoteWebDriver.java:131)
at org.openqa.selenium.chrome.ChromeDriver.<init>(ChromeDriver.java:181)
at org.openqa.selenium.chrome.ChromeDriver.<init>(ChromeDriver.java:168)
at org.openqa.selenium.chrome.ChromeDriver.<init>(ChromeDriver.java:123)
at CommonUtilities.CommonMethods.launchBrowserAndGetURL(CommonMethods.java:125)
at ApplicationPageClasses.ApplicationLandingPage.accessApplication(ApplicationLandingPage.java:19)
at ApplicationTests.E2ETest.verifyTextAboutThisItem(E2ETest.java:23)
at sun.reflect.NativeMethodAccessorImpl.invoke0(Native Method)
at sun.reflect.NativeMethodAccessorImpl.invoke(NativeMethodAccessorImpl.java:62)
at sun.reflect.DelegatingMethodAccessorImpl.invoke(DelegatingMethodAccessorImpl.java:43)
at java.lang.reflect.Method.invoke(Method.java:498)
at org.testng.internal.MethodInvocationHelper.invokeMethod(MethodInvocationHelper.java:133)
at org.testng.internal.TestInvoker.invokeMethod(TestInvoker.java:584)
at org.testng.internal.TestInvoker.invokeTestMethod(TestInvoker.java:172)
at org.testng.internal.MethodRunner.runInSequence(MethodRunner.java:46)
at org.testng.internal.TestInvoker$MethodInvocationAgent.invoke(TestInvoker.java:804)
at org.testng.internal.TestInvoker.invokeTestMethods(TestInvoker.java:145)
at org.testng.internal.TestMethodWorker.invokeTestMethods(TestMethodWorker.java:146)
at org.testng.internal.TestMethodWorker.run(TestMethodWorker.java:128)
at java.util.ArrayList.forEach(ArrayList.java:1257)
at org.testng.TestRunner.privateRun(TestRunner.java:770)
at org.testng.TestRunner.run(TestRunner.java:591)
at org.testng.SuiteRunner.runTest(SuiteRunner.java:402)
at org.testng.SuiteRunner.runSequentially(SuiteRunner.java:396)
at org.testng.SuiteRunner.privateRun(SuiteRunner.java:355)
at org.testng.SuiteRunner.run(SuiteRunner.java:304)
at org.testng.SuiteRunnerWorker.runSuite(SuiteRunnerWorker.java:53)
at org.testng.SuiteRunnerWorker.run(SuiteRunnerWorker.java:96)
at org.testng.TestNG.runSuitesSequentially(TestNG.java:1180)
at org.testng.TestNG.runSuitesLocally(TestNG.java:1102)
at org.testng.TestNG.runSuites(TestNG.java:1032)
at org.testng.TestNG.run(TestNG.java:1000)
at org.apache.maven.surefire.testng.TestNGExecutor.run(TestNGExecutor.java:283)
at org.apache.maven.surefire.testng.TestNGXmlTestSuite.execute(TestNGXmlTestSuite.java:75)
at org.apache.maven.surefire.testng.TestNGProvider.invoke(TestNGProvider.java:120)
at org.apache.maven.surefire.booter.ForkedBooter.invokeProviderInSameClassLoader(ForkedBooter.java:386)
at org.apache.maven.surefire.booter.ForkedBooter.runSuitesInProcess(ForkedBooter.java:323)
at org.apache.maven.surefire.booter.ForkedBooter.main(ForkedBooter.java:143)
]]>
    </failure>
  </testcase> <!-- verifyTextAboutThisItem -->
</testsuite> <!-- C:/ClipBoard/src/test/java/ApplicationTests/E2ETest.java -->
